<?xml version="1.0" encoding="UTF-8"?>
<Site BuildName="Win32-mingw32-make"
	BuildStamp="20260905-1129-Experimental"
	Name="OliverHomeTower"
	Generator="ctest-4.4.3"
	CompilerName="C:/msys64/ucrt64/bin/g++.exe"
	CompilerVersion="14.2.0"
	OSName="Windows"
	Hostname="OliverHomeTower"
	OSRelease="10.0.26200"
	OSVersion="Windows 10"
	OSPlatform="AMD64"
	Is64Bits="1"
	VendorString="GenuineIntel"
	VendorID="Intel Corporation"
	FamilyID="6"
	ModelID="7"
	ModelName=""
	ProcessorCacheSize="-1"
	NumberOfLogicalCPU="24"
	NumberOfPhysicalCPU="16"
	TotalVirtualMemory="2048"
	TotalPhysicalMemory="32581"
	LogicalProcessorsPerPhysical="1"
	ProcessorClockFrequency="2100.000000"
	>
	<Testing>
		<StartDateTime>Sep 05 21:30 AUS Eastern Standard Time</StartDateTime>
		<StartTestTime>1788607805</StartTestTime>
		<TestList/>
		<EndDateTime>Sep 05 21:30 AUS Eastern Standard Time</EndDateTime>
		<EndTestTime>1788607805</EndTestTime>
		<ElapsedMinutes>0</ElapsedMinutes>
	</Testing>
</Site>
